CACI COMNET III  Release 1.3 (Build 1220)  Mon Mar 22 20:57:18 2021   PAGE     1

                                      Lab1                                      
    Experiment scenario 1: IAT of "Message Source @ Computer Group" = 0.005     

                           LINKS: CHANNEL UTILIZATION                           

                     REPLICATION 1 FROM 0.0 TO 10.0 SECONDS                     

                             FRAMES           TRANSMISSION DELAY (MS)       %
LINK                   DELIVERED RST/ERR  AVERAGE    STD DEV    MAXIMUM   UTIL
_____________________  _________ ______  _________  _________  _________  _____

CSMA/CA Link                9715      0      4.981      7.868    317.341  74.61


CACI COMNET III  Release 1.3 (Build 1220)  Mon Mar 22 20:57:18 2021   PAGE     2

                                      Lab1                                      
    Experiment scenario 1: IAT of "Message Source @ Computer Group" = 0.005     

                             LINKS: COLLISION STATS                             

                     REPLICATION 1 FROM 0.0 TO 10.0 SECONDS                     


LINK NAME                  CSMA/CA  
                             Link   
                                    

ACCESS PROTOCOL              CSMA/CA

COLLISION EPISODES               996

COLLIDED FRAMES                 2047

NBR OF TRIES TO RESOLVE
  AVERAGE                       1.20
  STANDARD DEVIATION            0.53
  MAXIMUM                          7

NBR OF DEFERRALS                9624

DEFERRAL DELAY  (MS)
  AVERAGE                       2.62
  STANDARD DEVIATION            1.87
  MAXIMUM                      10.63

DEFERRAL QUEUE SIZE  (FRAMES)
  AVERAGE                       2.52
  STANDARD DEVIATION            1.12
  MAXIMUM                          5

MULTIPLE COLLISION EPISODES
  NBR EPISODES                    55
  AVG PER EPISODE               3.00
  MAX PER EPISODE                  3



CACI COMNET III  Release 1.3 (Build 1220)  Mon Mar 22 20:57:18 2021   PAGE     3

                                      Lab1                                      
    Experiment scenario 1: IAT of "Message Source @ Computer Group" = 0.005     

                 MESSAGE + RESPONSE SOURCES: MESSAGE DELIVERED                  

                     REPLICATION 1 FROM 0.0 TO 10.0 SECONDS                     

ORIGIN / MSG SRC NAME:  MESSAGES          MESSAGE DELAY (MILLISECONDS)
  DESTINATION LIST      ASSEMBLED      AVERAGE       STD DEV       MAXIMUM
______________________  _________   ____________  ____________  ____________

Computer Group / src Message Source:
  Computer Group             9715        138.580       131.610       608.343


CACI COMNET III  Release 1.3 (Build 1220)  Mon Mar 22 20:57:19 2021   PAGE     4

                                      Lab1                                      
    Experiment scenario 1: IAT of "Message Source @ Computer Group" = 0.005     

                           LINKS: CHANNEL UTILIZATION                           

                    REPLICATION 2 FROM 10.0 TO 20.0 SECONDS                     

                             FRAMES           TRANSMISSION DELAY (MS)       %
LINK                   DELIVERED RST/ERR  AVERAGE    STD DEV    MAXIMUM   UTIL
_____________________  _________ ______  _________  _________  _________  _____

CSMA/CA Link                  95      0    512.000      0.000    512.000   0.00


CACI COMNET III  Release 1.3 (Build 1220)  Mon Mar 22 20:57:19 2021   PAGE     5

                                      Lab1                                      
    Experiment scenario 1: IAT of "Message Source @ Computer Group" = 0.005     

                             LINKS: COLLISION STATS                             

                    REPLICATION 2 FROM 10.0 TO 20.0 SECONDS                     


LINK NAME                  CSMA/CA  
                             Link   
                                    

ACCESS PROTOCOL              CSMA/CA

COLLISION EPISODES                 0

COLLIDED FRAMES                    0

NBR OF TRIES TO RESOLVE
  AVERAGE                       1.50
  STANDARD DEVIATION            0.87
  MAXIMUM                          3

NBR OF DEFERRALS                   0

DEFERRAL DELAY  (MS)
  AVERAGE                       0.00
  STANDARD DEVIATION            0.00
  MAXIMUM                       0.00

DEFERRAL QUEUE SIZE  (FRAMES)
  AVERAGE                      47.42
  STANDARD DEVIATION           28.21
  MAXIMUM                         96

MULTIPLE COLLISION EPISODES
  NBR EPISODES                     0
  AVG PER EPISODE               0.00
  MAX PER EPISODE                  0



CACI COMNET III  Release 1.3 (Build 1220)  Mon Mar 22 20:57:19 2021   PAGE     6

                                      Lab1                                      
    Experiment scenario 1: IAT of "Message Source @ Computer Group" = 0.005     

                 MESSAGE + RESPONSE SOURCES: MESSAGE DELIVERED                  

                    REPLICATION 2 FROM 10.0 TO 20.0 SECONDS                     

ORIGIN / MSG SRC NAME:  MESSAGES          MESSAGE DELAY (MILLISECONDS)
  DESTINATION LIST      ASSEMBLED      AVERAGE       STD DEV       MAXIMUM
______________________  _________   ____________  ____________  ____________

Computer Group / src Message Source:
  Computer Group                0          0.000         0.000         0.000


CACI COMNET III  Release 1.3 (Build 1220)  Mon Mar 22 20:57:20 2021   PAGE     7

                                      Lab1                                      
    Experiment scenario 1: IAT of "Message Source @ Computer Group" = 0.005     

                           LINKS: CHANNEL UTILIZATION                           

                    REPLICATION 3 FROM 20.0 TO 30.0 SECONDS                     

                             FRAMES           TRANSMISSION DELAY (MS)       %
LINK                   DELIVERED RST/ERR  AVERAGE    STD DEV    MAXIMUM   UTIL
_____________________  _________ ______  _________  _________  _________  _____

CSMA/CA Link                 100      0    512.000      0.000    512.000   0.00


CACI COMNET III  Release 1.3 (Build 1220)  Mon Mar 22 20:57:20 2021   PAGE     8

                                      Lab1                                      
    Experiment scenario 1: IAT of "Message Source @ Computer Group" = 0.005     

                             LINKS: COLLISION STATS                             

                    REPLICATION 3 FROM 20.0 TO 30.0 SECONDS                     


LINK NAME                  CSMA/CA  
                             Link   
                                    

ACCESS PROTOCOL              CSMA/CA

COLLISION EPISODES                 0

COLLIDED FRAMES                    0

NBR OF TRIES TO RESOLVE
  AVERAGE                       0.00
  STANDARD DEVIATION            0.00
  MAXIMUM                          0

NBR OF DEFERRALS                   0

DEFERRAL DELAY  (MS)
  AVERAGE                       0.00
  STANDARD DEVIATION            0.00
  MAXIMUM                       0.00

DEFERRAL QUEUE SIZE  (FRAMES)
  AVERAGE                     145.03
  STANDARD DEVIATION           28.22
  MAXIMUM                        196

MULTIPLE COLLISION EPISODES
  NBR EPISODES                     0
  AVG PER EPISODE               0.00
  MAX PER EPISODE                  0



CACI COMNET III  Release 1.3 (Build 1220)  Mon Mar 22 20:57:20 2021   PAGE     9

                                      Lab1                                      
    Experiment scenario 1: IAT of "Message Source @ Computer Group" = 0.005     

                 MESSAGE + RESPONSE SOURCES: MESSAGE DELIVERED                  

                    REPLICATION 3 FROM 20.0 TO 30.0 SECONDS                     

ORIGIN / MSG SRC NAME:  MESSAGES          MESSAGE DELAY (MILLISECONDS)
  DESTINATION LIST      ASSEMBLED      AVERAGE       STD DEV       MAXIMUM
______________________  _________   ____________  ____________  ____________

Computer Group / src Message Source:
  Computer Group                0          0.000         0.000         0.000


CACI COMNET III  Release 1.3 (Build 1220)  Mon Mar 22 20:57:22 2021   PAGE    10

                                      Lab1                                      
    Experiment scenario 1: IAT of "Message Source @ Computer Group" = 0.005     

                           LINKS: CHANNEL UTILIZATION                           

                    REPLICATION 4 FROM 30.0 TO 40.0 SECONDS                     

                             FRAMES           TRANSMISSION DELAY (MS)       %
LINK                   DELIVERED RST/ERR  AVERAGE    STD DEV    MAXIMUM   UTIL
_____________________  _________ ______  _________  _________  _________  _____

CSMA/CA Link                  95      0    512.000      0.000    512.000   0.00


CACI COMNET III  Release 1.3 (Build 1220)  Mon Mar 22 20:57:22 2021   PAGE    11

                                      Lab1                                      
    Experiment scenario 1: IAT of "Message Source @ Computer Group" = 0.005     

                             LINKS: COLLISION STATS                             

                    REPLICATION 4 FROM 30.0 TO 40.0 SECONDS                     


LINK NAME                  CSMA/CA  
                             Link   
                                    

ACCESS PROTOCOL              CSMA/CA

COLLISION EPISODES                 0

COLLIDED FRAMES                    0

NBR OF TRIES TO RESOLVE
  AVERAGE                       0.00
  STANDARD DEVIATION            0.00
  MAXIMUM                          0

NBR OF DEFERRALS                   0

DEFERRAL DELAY  (MS)
  AVERAGE                       0.00
  STANDARD DEVIATION            0.00
  MAXIMUM                       0.00

DEFERRAL QUEUE SIZE  (FRAMES)
  AVERAGE                     242.73
  STANDARD DEVIATION           28.22
  MAXIMUM                        291

MULTIPLE COLLISION EPISODES
  NBR EPISODES                     0
  AVG PER EPISODE               0.00
  MAX PER EPISODE                  0



CACI COMNET III  Release 1.3 (Build 1220)  Mon Mar 22 20:57:22 2021   PAGE    12

                                      Lab1                                      
    Experiment scenario 1: IAT of "Message Source @ Computer Group" = 0.005     

                 MESSAGE + RESPONSE SOURCES: MESSAGE DELIVERED                  

                    REPLICATION 4 FROM 30.0 TO 40.0 SECONDS                     

ORIGIN / MSG SRC NAME:  MESSAGES          MESSAGE DELAY (MILLISECONDS)
  DESTINATION LIST      ASSEMBLED      AVERAGE       STD DEV       MAXIMUM
______________________  _________   ____________  ____________  ____________

Computer Group / src Message Source:
  Computer Group                0          0.000         0.000         0.000


CACI COMNET III  Release 1.3 (Build 1220)  Mon Mar 22 20:57:25 2021   PAGE    13

                                      Lab1                                      
    Experiment scenario 1: IAT of "Message Source @ Computer Group" = 0.005     

                           LINKS: CHANNEL UTILIZATION                           

                    REPLICATION 5 FROM 40.0 TO 50.0 SECONDS                     

                             FRAMES           TRANSMISSION DELAY (MS)       %
LINK                   DELIVERED RST/ERR  AVERAGE    STD DEV    MAXIMUM   UTIL
_____________________  _________ ______  _________  _________  _________  _____

CSMA/CA Link                 100      0    512.000      0.000    512.000   0.00


CACI COMNET III  Release 1.3 (Build 1220)  Mon Mar 22 20:57:25 2021   PAGE    14

                                      Lab1                                      
    Experiment scenario 1: IAT of "Message Source @ Computer Group" = 0.005     

                             LINKS: COLLISION STATS                             

                    REPLICATION 5 FROM 40.0 TO 50.0 SECONDS                     


LINK NAME                  CSMA/CA  
                             Link   
                                    

ACCESS PROTOCOL              CSMA/CA

COLLISION EPISODES                 0

COLLIDED FRAMES                    0

NBR OF TRIES TO RESOLVE
  AVERAGE                       0.00
  STANDARD DEVIATION            0.00
  MAXIMUM                          0

NBR OF DEFERRALS                   0

DEFERRAL DELAY  (MS)
  AVERAGE                       0.00
  STANDARD DEVIATION            0.00
  MAXIMUM                       0.00

DEFERRAL QUEUE SIZE  (FRAMES)
  AVERAGE                     340.35
  STANDARD DEVIATION           28.23
  MAXIMUM                        391

MULTIPLE COLLISION EPISODES
  NBR EPISODES                     0
  AVG PER EPISODE               0.00
  MAX PER EPISODE                  0



CACI COMNET III  Release 1.3 (Build 1220)  Mon Mar 22 20:57:25 2021   PAGE    15

                                      Lab1                                      
    Experiment scenario 1: IAT of "Message Source @ Computer Group" = 0.005     

                 MESSAGE + RESPONSE SOURCES: MESSAGE DELIVERED                  

                    REPLICATION 5 FROM 40.0 TO 50.0 SECONDS                     

ORIGIN / MSG SRC NAME:  MESSAGES          MESSAGE DELAY (MILLISECONDS)
  DESTINATION LIST      ASSEMBLED      AVERAGE       STD DEV       MAXIMUM
______________________  _________   ____________  ____________  ____________

Computer Group / src Message Source:
  Computer Group                0          0.000         0.000         0.000


CACI COMNET III  Release 1.3 (Build 1220)  Mon Mar 22 20:57:32 2021   PAGE    16

                                      Lab1                                      
    Experiment scenario 1: IAT of "Message Source @ Computer Group" = 0.005     

                           LINKS: CHANNEL UTILIZATION                           

                    REPLICATION 6 FROM 50.0 TO 60.0 SECONDS                     

                             FRAMES           TRANSMISSION DELAY (MS)       %
LINK                   DELIVERED RST/ERR  AVERAGE    STD DEV    MAXIMUM   UTIL
_____________________  _________ ______  _________  _________  _________  _____

CSMA/CA Link                  95      0    512.000      0.000    512.000   0.00


CACI COMNET III  Release 1.3 (Build 1220)  Mon Mar 22 20:57:32 2021   PAGE    17

                                      Lab1                                      
    Experiment scenario 1: IAT of "Message Source @ Computer Group" = 0.005     

                             LINKS: COLLISION STATS                             

                    REPLICATION 6 FROM 50.0 TO 60.0 SECONDS                     


LINK NAME                  CSMA/CA  
                             Link   
                                    

ACCESS PROTOCOL              CSMA/CA

COLLISION EPISODES                 0

COLLIDED FRAMES                    0

NBR OF TRIES TO RESOLVE
  AVERAGE                       0.00
  STANDARD DEVIATION            0.00
  MAXIMUM                          0

NBR OF DEFERRALS                   0

DEFERRAL DELAY  (MS)
  AVERAGE                       0.00
  STANDARD DEVIATION            0.00
  MAXIMUM                       0.00

DEFERRAL QUEUE SIZE  (FRAMES)
  AVERAGE                     438.03
  STANDARD DEVIATION           28.23
  MAXIMUM                        486

MULTIPLE COLLISION EPISODES
  NBR EPISODES                     0
  AVG PER EPISODE               0.00
  MAX PER EPISODE                  0



CACI COMNET III  Release 1.3 (Build 1220)  Mon Mar 22 20:57:32 2021   PAGE    18

                                      Lab1                                      
    Experiment scenario 1: IAT of "Message Source @ Computer Group" = 0.005     

                 MESSAGE + RESPONSE SOURCES: MESSAGE DELIVERED                  

                    REPLICATION 6 FROM 50.0 TO 60.0 SECONDS                     

ORIGIN / MSG SRC NAME:  MESSAGES          MESSAGE DELAY (MILLISECONDS)
  DESTINATION LIST      ASSEMBLED      AVERAGE       STD DEV       MAXIMUM
______________________  _________   ____________  ____________  ____________

Computer Group / src Message Source:
  Computer Group                0          0.000         0.000         0.000


CACI COMNET III  Release 1.3 (Build 1220)  Mon Mar 22 20:57:42 2021   PAGE    19

                                      Lab1                                      
    Experiment scenario 1: IAT of "Message Source @ Computer Group" = 0.005     

                           LINKS: CHANNEL UTILIZATION                           

                    REPLICATION 7 FROM 60.0 TO 70.0 SECONDS                     

                             FRAMES           TRANSMISSION DELAY (MS)       %
LINK                   DELIVERED RST/ERR  AVERAGE    STD DEV    MAXIMUM   UTIL
_____________________  _________ ______  _________  _________  _________  _____

CSMA/CA Link                 100      0    512.000      0.000    512.000   0.00


CACI COMNET III  Release 1.3 (Build 1220)  Mon Mar 22 20:57:42 2021   PAGE    20

                                      Lab1                                      
    Experiment scenario 1: IAT of "Message Source @ Computer Group" = 0.005     

                             LINKS: COLLISION STATS                             

                    REPLICATION 7 FROM 60.0 TO 70.0 SECONDS                     


LINK NAME                  CSMA/CA  
                             Link   
                                    

ACCESS PROTOCOL              CSMA/CA

COLLISION EPISODES                 0

COLLIDED FRAMES                    0

NBR OF TRIES TO RESOLVE
  AVERAGE                       0.00
  STANDARD DEVIATION            0.00
  MAXIMUM                          0

NBR OF DEFERRALS                   0

DEFERRAL DELAY  (MS)
  AVERAGE                       0.00
  STANDARD DEVIATION            0.00
  MAXIMUM                       0.00

DEFERRAL QUEUE SIZE  (FRAMES)
  AVERAGE                     535.67
  STANDARD DEVIATION           28.24
  MAXIMUM                        586

MULTIPLE COLLISION EPISODES
  NBR EPISODES                     0
  AVG PER EPISODE               0.00
  MAX PER EPISODE                  0



CACI COMNET III  Release 1.3 (Build 1220)  Mon Mar 22 20:57:42 2021   PAGE    21

                                      Lab1                                      
    Experiment scenario 1: IAT of "Message Source @ Computer Group" = 0.005     

                 MESSAGE + RESPONSE SOURCES: MESSAGE DELIVERED                  

                    REPLICATION 7 FROM 60.0 TO 70.0 SECONDS                     

ORIGIN / MSG SRC NAME:  MESSAGES          MESSAGE DELAY (MILLISECONDS)
  DESTINATION LIST      ASSEMBLED      AVERAGE       STD DEV       MAXIMUM
______________________  _________   ____________  ____________  ____________

Computer Group / src Message Source:
  Computer Group                0          0.000         0.000         0.000


CACI COMNET III  Release 1.3 (Build 1220)  Mon Mar 22 20:57:55 2021   PAGE    22

                                      Lab1                                      
    Experiment scenario 1: IAT of "Message Source @ Computer Group" = 0.005     

                           LINKS: CHANNEL UTILIZATION                           

                    REPLICATION 8 FROM 70.0 TO 80.0 SECONDS                     

                             FRAMES           TRANSMISSION DELAY (MS)       %
LINK                   DELIVERED RST/ERR  AVERAGE    STD DEV    MAXIMUM   UTIL
_____________________  _________ ______  _________  _________  _________  _____

CSMA/CA Link                  95      0    512.000      0.000    512.000   0.00


CACI COMNET III  Release 1.3 (Build 1220)  Mon Mar 22 20:57:55 2021   PAGE    23

                                      Lab1                                      
    Experiment scenario 1: IAT of "Message Source @ Computer Group" = 0.005     

                             LINKS: COLLISION STATS                             

                    REPLICATION 8 FROM 70.0 TO 80.0 SECONDS                     


LINK NAME                  CSMA/CA  
                             Link   
                                    

ACCESS PROTOCOL              CSMA/CA

COLLISION EPISODES                 0

COLLIDED FRAMES                    0

NBR OF TRIES TO RESOLVE
  AVERAGE                       0.00
  STANDARD DEVIATION            0.00
  MAXIMUM                          0

NBR OF DEFERRALS                   0

DEFERRAL DELAY  (MS)
  AVERAGE                       0.00
  STANDARD DEVIATION            0.00
  MAXIMUM                       0.00

DEFERRAL QUEUE SIZE  (FRAMES)
  AVERAGE                     633.34
  STANDARD DEVIATION           28.23
  MAXIMUM                        681

MULTIPLE COLLISION EPISODES
  NBR EPISODES                     0
  AVG PER EPISODE               0.00
  MAX PER EPISODE                  0



CACI COMNET III  Release 1.3 (Build 1220)  Mon Mar 22 20:57:55 2021   PAGE    24

                                      Lab1                                      
    Experiment scenario 1: IAT of "Message Source @ Computer Group" = 0.005     

                 MESSAGE + RESPONSE SOURCES: MESSAGE DELIVERED                  

                    REPLICATION 8 FROM 70.0 TO 80.0 SECONDS                     

ORIGIN / MSG SRC NAME:  MESSAGES          MESSAGE DELAY (MILLISECONDS)
  DESTINATION LIST      ASSEMBLED      AVERAGE       STD DEV       MAXIMUM
______________________  _________   ____________  ____________  ____________

Computer Group / src Message Source:
  Computer Group                0          0.000         0.000         0.000


CACI COMNET III  Release 1.3 (Build 1220)  Mon Mar 22 20:58:13 2021   PAGE    25

                                      Lab1                                      
    Experiment scenario 1: IAT of "Message Source @ Computer Group" = 0.005     

                           LINKS: CHANNEL UTILIZATION                           

                    REPLICATION 9 FROM 80.0 TO 90.0 SECONDS                     

                             FRAMES           TRANSMISSION DELAY (MS)       %
LINK                   DELIVERED RST/ERR  AVERAGE    STD DEV    MAXIMUM   UTIL
_____________________  _________ ______  _________  _________  _________  _____

CSMA/CA Link                 100      0    512.000      0.000    512.000   0.00


CACI COMNET III  Release 1.3 (Build 1220)  Mon Mar 22 20:58:13 2021   PAGE    26

                                      Lab1                                      
    Experiment scenario 1: IAT of "Message Source @ Computer Group" = 0.005     

                             LINKS: COLLISION STATS                             

                    REPLICATION 9 FROM 80.0 TO 90.0 SECONDS                     


LINK NAME                  CSMA/CA  
                             Link   
                                    

ACCESS PROTOCOL              CSMA/CA

COLLISION EPISODES                 0

COLLIDED FRAMES                    0

NBR OF TRIES TO RESOLVE
  AVERAGE                       0.00
  STANDARD DEVIATION            0.00
  MAXIMUM                          0

NBR OF DEFERRALS                   0

DEFERRAL DELAY  (MS)
  AVERAGE                       0.00
  STANDARD DEVIATION            0.00
  MAXIMUM                       0.00

DEFERRAL QUEUE SIZE  (FRAMES)
  AVERAGE                     730.99
  STANDARD DEVIATION           28.24
  MAXIMUM                        781

MULTIPLE COLLISION EPISODES
  NBR EPISODES                     0
  AVG PER EPISODE               0.00
  MAX PER EPISODE                  0



CACI COMNET III  Release 1.3 (Build 1220)  Mon Mar 22 20:58:13 2021   PAGE    27

                                      Lab1                                      
    Experiment scenario 1: IAT of "Message Source @ Computer Group" = 0.005     

                 MESSAGE + RESPONSE SOURCES: MESSAGE DELIVERED                  

                    REPLICATION 9 FROM 80.0 TO 90.0 SECONDS                     

ORIGIN / MSG SRC NAME:  MESSAGES          MESSAGE DELAY (MILLISECONDS)
  DESTINATION LIST      ASSEMBLED      AVERAGE       STD DEV       MAXIMUM
______________________  _________   ____________  ____________  ____________

Computer Group / src Message Source:
  Computer Group                0          0.000         0.000         0.000


CACI COMNET III  Release 1.3 (Build 1220)  Mon Mar 22 20:58:32 2021   PAGE    28

                                      Lab1                                      
    Experiment scenario 1: IAT of "Message Source @ Computer Group" = 0.005     

                           LINKS: CHANNEL UTILIZATION                           

                   REPLICATION 10 FROM 90.0 TO 100.0 SECONDS                    

                             FRAMES           TRANSMISSION DELAY (MS)       %
LINK                   DELIVERED RST/ERR  AVERAGE    STD DEV    MAXIMUM   UTIL
_____________________  _________ ______  _________  _________  _________  _____

CSMA/CA Link                  95      0    512.000      0.000    512.000   0.00


CACI COMNET III  Release 1.3 (Build 1220)  Mon Mar 22 20:58:32 2021   PAGE    29

                                      Lab1                                      
    Experiment scenario 1: IAT of "Message Source @ Computer Group" = 0.005     

                             LINKS: COLLISION STATS                             

                   REPLICATION 10 FROM 90.0 TO 100.0 SECONDS                    


LINK NAME                  CSMA/CA  
                             Link   
                                    

ACCESS PROTOCOL              CSMA/CA

COLLISION EPISODES                 0

COLLIDED FRAMES                    0

NBR OF TRIES TO RESOLVE
  AVERAGE                       0.00
  STANDARD DEVIATION            0.00
  MAXIMUM                          0

NBR OF DEFERRALS                   0

DEFERRAL DELAY  (MS)
  AVERAGE                       0.00
  STANDARD DEVIATION            0.00
  MAXIMUM                       0.00

DEFERRAL QUEUE SIZE  (FRAMES)
  AVERAGE                     828.64
  STANDARD DEVIATION           28.23
  MAXIMUM                        876

MULTIPLE COLLISION EPISODES
  NBR EPISODES                     0
  AVG PER EPISODE               0.00
  MAX PER EPISODE                  0



CACI COMNET III  Release 1.3 (Build 1220)  Mon Mar 22 20:58:32 2021   PAGE    30

                                      Lab1                                      
    Experiment scenario 1: IAT of "Message Source @ Computer Group" = 0.005     

                 MESSAGE + RESPONSE SOURCES: MESSAGE DELIVERED                  

                   REPLICATION 10 FROM 90.0 TO 100.0 SECONDS                    

ORIGIN / MSG SRC NAME:  MESSAGES          MESSAGE DELAY (MILLISECONDS)
  DESTINATION LIST      ASSEMBLED      AVERAGE       STD DEV       MAXIMUM
______________________  _________   ____________  ____________  ____________

Computer Group / src Message Source:
  Computer Group                0          0.000         0.000         0.000
