CACI COMNET III  Release 1.3 (Build 1220)  Thu Apr 23 15:35:03 2009   PAGE     1

                                     SIMPLE                                     

                               NODES: CALL COUNTS                               

                    REPLICATION 1 FROM 0.0 TO 3600.0 SECONDS                    

                            CALLS   CALLS  CALLS          CALLS   CALLS  CALLS
                                    BLOCK  BLOCK   BLOCK          DISCON-  PRE-
        NODE NAME          ATTEMPTD AVAIL  TRAFF   PROB  CARRIED  NECTED EMPTED
_________________________  ________ ______ ______  ____  ________ ______ ______

LA                              124      0      0  0.00       124      0      0
NY                              124      0      0  0.00       124      0      0


CACI COMNET III  Release 1.3 (Build 1220)  Thu Apr 23 15:35:03 2009   PAGE     2

                                     SIMPLE                                     

                               NODES: CALL LEVEL                                

                    REPLICATION 1 FROM 0.0 TO 3600.0 SECONDS                    

                               %     NODE     BANDWIDTH USED  (KBPS)     NODE
         NODE NAME           AVAIL   FAILS  AVERAGE   STD DEV  MAXIMUM   UTIL %
___________________________  ______  _____  ________  _______  ________  ______

LA                           100.00      0       670      173      1088    6.70
NY                           100.00      0       670      173      1088    6.70


CACI COMNET III  Release 1.3 (Build 1220)  Thu Apr 23 15:35:03 2009   PAGE     3

                                     SIMPLE                                     

                               LINKS: CALL COUNTS                               

                    REPLICATION 1 FROM 0.0 TO 3600.0 SECONDS                    

                            CALLS   CALLS  CALLS          CALLS   CALLS  CALLS
                                    BLOCK  BLOCK   BLOCK          DISCON-  PRE-
        LINK NAME          ATTEMPTD AVAIL  TRAFF   PROB  CARRIED  NECTED EMPTED
_________________________  ________ ______ ______  ____  ________ ______ ______

LinkA                            57      0      0  0.00        57      0      0
LinkB                            67      0      0  0.00        67      0      0


CACI COMNET III  Release 1.3 (Build 1220)  Thu Apr 23 15:35:03 2009   PAGE     4

                                     SIMPLE                                     

                               LINKS: CALL LEVEL                                

                    REPLICATION 1 FROM 0.0 TO 3600.0 SECONDS                    

                               %     LINK     BANDWIDTH USED  (KBPS)     LINK
         LINK NAME           AVAIL   FAILS  AVERAGE   STD DEV  MAXIMUM   UTIL %
___________________________  ______  _____  ________  _______  ________  ______

LinkA                        100.00      0       296      106       576   19.29
LinkB                        100.00      0       374      140       704   24.33


CACI COMNET III  Release 1.3 (Build 1220)  Thu Apr 23 15:35:03 2009   PAGE     5

                                     SIMPLE                                     

                       CALL SOURCES: BLOCKED CALL COUNTS                        

                    REPLICATION 1 FROM 0.0 TO 3600.0 SECONDS                    

ORIGIN / CALL NAME:                        CALLS    CALLS  BLOCK       HOPS
  DESTINATION LIST                        ATTEMPTD  RETRY  PROB    AVG     MAX
________________________________________  ________  _____  _____  ______  _____

LA / call LA-NY:
  NY                                            57      0  0.000     1.0      1
                                          ________  _____  _____  ______  _____
  SUBTOTAL                                      57      0  0.000     1.0      1

                                          ________  _____  _____  ______  _____
  LA (TOTAL)                                    57      0  0.000     1.0      1

NY / call NY-LA:
  LA                                            67      0  0.000     1.0      1
                                          ________  _____  _____  ______  _____
  SUBTOTAL                                      67      0  0.000     1.0      1

                                          ________  _____  _____  ______  _____
  NY (TOTAL)                                    67      0  0.000     1.0      1

                                          ________  _____  _____  ______  _____
                                          ________  _____  _____  ______  _____
  ** T O T A L S  **                           124      0  0.000     1.0      1


CACI COMNET III  Release 1.3 (Build 1220)  Thu Apr 23 15:35:03 2009   PAGE     6

                                     SIMPLE                                     

                     CALL SOURCES: DISCONNECTED CALL COUNTS                     

                    REPLICATION 1 FROM 0.0 TO 3600.0 SECONDS                    

ORIGIN / CALL NAME:                           CALLS     CALLS    CALLS   CALLS
  DESTINATION LIST                      PRI  ATTEMPTD  CARRIED   DISCON  REROUT
______________________________________  ___  ________  ________  ______  ______

LA / call LA-NY:                          1
  NY                                               57        57       0       0
                                        ___  ________  ________  ______  ______
  SUBTOTAL                                         57        57       0       0

                                        ___  ________  ________  ______  ______
  LA (TOTAL)                                       57        57       0       0

NY / call NY-LA:                          1
  LA                                               67        67       0       0
                                        ___  ________  ________  ______  ______
  SUBTOTAL                                         67        67       0       0

                                        ___  ________  ________  ______  ______
  NY (TOTAL)                                       67        67       0       0

                                        ___  ________  ________  ______  ______
                                        ___  ________  ________  ______  ______
  ** T O T A L S  **                              124       124       0       0


CACI COMNET III  Release 1.3 (Build 1220)  Thu Apr 23 15:35:03 2009   PAGE     7

                                     SIMPLE                                     

                      CALL SOURCES: PREEMPTED CALL COUNTS                       

                    REPLICATION 1 FROM 0.0 TO 3600.0 SECONDS                    

ORIGIN / CALL NAME:                                CALLS     CALLS      CALLS
  DESTINATION LIST                          PRI  ATTEMPTED  CARRIED   PREEMPTED
__________________________________________  ___  _________  ________  _________

LA / call LA-NY:                              1
  NY                                                    57        57          0
                                            ___  _________  ________  _________
  SUBTOTAL                                              57        57          0

                                            ___  _________  ________  _________
  LA (TOTAL)                                            57        57          0

NY / call NY-LA:                              1
  LA                                                    67        67          0
                                            ___  _________  ________  _________
  SUBTOTAL                                              67        67          0

                                            ___  _________  ________  _________
  NY (TOTAL)                                            67        67          0

                                            ___  _________  ________  _________
                                            ___  _________  ________  _________
  ** T O T A L S  **                                   124       124          0
