CACI COMNET III  Release 1.3 (Build 1220)  Sun Mar 28 18:48:54 2021   PAGE     1

                                     BSK_L1                                     

                           LINKS: CHANNEL UTILIZATION                           

                     REPLICATION 1 FROM 0.0 TO 10.0 SECONDS                     

                             FRAMES           TRANSMISSION DELAY (MS)       %
LINK                   DELIVERED RST/ERR  AVERAGE    STD DEV    MAXIMUM   UTIL
_____________________  _________ ______  _________  _________  _________  _____

CSMA/CA link                6366      0      3.141      1.907     45.185  87.61


CACI COMNET III  Release 1.3 (Build 1220)  Sun Mar 28 18:48:54 2021   PAGE     2

                                     BSK_L1                                     

                             LINKS: COLLISION STATS                             

                     REPLICATION 1 FROM 0.0 TO 10.0 SECONDS                     


LINK NAME                  CSMA/CA  
                             link   
                                    

ACCESS PROTOCOL              CSMA/CA

COLLISION EPISODES               403

COLLIDED FRAMES                  806

NBR OF TRIES TO RESOLVE
  AVERAGE                       1.08
  STANDARD DEVIATION            0.28
  MAXIMUM                          3

NBR OF DEFERRALS                6366

DEFERRAL DELAY  (MS)
  AVERAGE                       1.34
  STANDARD DEVIATION            1.24
  MAXIMUM                       7.31

DEFERRAL QUEUE SIZE  (FRAMES)
  AVERAGE                       0.85
  STANDARD DEVIATION            0.45
  MAXIMUM                          2

MULTIPLE COLLISION EPISODES
  NBR EPISODES                     0
  AVG PER EPISODE               0.00
  MAX PER EPISODE                  0



CACI COMNET III  Release 1.3 (Build 1220)  Sun Mar 28 18:48:54 2021   PAGE     3

                                     BSK_L1                                     

                 MESSAGE + RESPONSE SOURCES: MESSAGE DELIVERED                  

                     REPLICATION 1 FROM 0.0 TO 10.0 SECONDS                     

ORIGIN / MSG SRC NAME:  MESSAGES          MESSAGE DELAY (MILLISECONDS)
  DESTINATION LIST      ASSEMBLED      AVERAGE       STD DEV       MAXIMUM
______________________  _________   ____________  ____________  ____________

Computer group / src Message Source:
  Computer group             6366       2449.355      1419.370      4913.724
