CACI COMNET III  Release 1.3 (Build 1220)  Sun Mar 28 18:36:40 2021   PAGE     1

                                     BSK_L1                                     

                           LINKS: CHANNEL UTILIZATION                           

                     REPLICATION 1 FROM 0.0 TO 10.0 SECONDS                     

                             FRAMES           TRANSMISSION DELAY (MS)       %
LINK                   DELIVERED RST/ERR  AVERAGE    STD DEV    MAXIMUM   UTIL
_____________________  _________ ______  _________  _________  _________  _____

CSMA/CA link                6011      0      3.326      1.736     23.759  82.72


CACI COMNET III  Release 1.3 (Build 1220)  Sun Mar 28 18:36:40 2021   PAGE     2

                                     BSK_L1                                     

                             LINKS: COLLISION STATS                             

                     REPLICATION 1 FROM 0.0 TO 10.0 SECONDS                     


LINK NAME                  CSMA/CA  
                             link   
                                    

ACCESS PROTOCOL              CSMA/CA

COLLISION EPISODES               181

COLLIDED FRAMES                  362

NBR OF TRIES TO RESOLVE
  AVERAGE                       1.04
  STANDARD DEVIATION            0.19
  MAXIMUM                          2

NBR OF DEFERRALS                6009

DEFERRAL DELAY  (MS)
  AVERAGE                       1.72
  STANDARD DEVIATION            1.42
  MAXIMUM                       9.24

DEFERRAL QUEUE SIZE  (FRAMES)
  AVERAGE                       1.03
  STANDARD DEVIATION            0.45
  MAXIMUM                          2

MULTIPLE COLLISION EPISODES
  NBR EPISODES                     0
  AVG PER EPISODE               0.00
  MAX PER EPISODE                  0



CACI COMNET III  Release 1.3 (Build 1220)  Sun Mar 28 18:36:40 2021   PAGE     3

                                     BSK_L1                                     

                 MESSAGE + RESPONSE SOURCES: MESSAGE DELIVERED                  

                     REPLICATION 1 FROM 0.0 TO 10.0 SECONDS                     

ORIGIN / MSG SRC NAME:  MESSAGES          MESSAGE DELAY (MILLISECONDS)
  DESTINATION LIST      ASSEMBLED      AVERAGE       STD DEV       MAXIMUM
______________________  _________   ____________  ____________  ____________

Computer group / src Message Source:
  Computer group             6011       2597.766      1500.702      5229.366
