CACI COMNET III  Release 1.3 (Build 1220)  Sun Mar 28 18:46:49 2021   PAGE     1

                                     BSK_L1                                     

                           LINKS: CHANNEL UTILIZATION                           

                     REPLICATION 1 FROM 0.0 TO 10.0 SECONDS                     

                             FRAMES           TRANSMISSION DELAY (MS)       %
LINK                   DELIVERED RST/ERR  AVERAGE    STD DEV    MAXIMUM   UTIL
_____________________  _________ ______  _________  _________  _________  _____

CSMA/CA link                3892      0    150.564    188.758    512.904  44.47


CACI COMNET III  Release 1.3 (Build 1220)  Sun Mar 28 18:46:49 2021   PAGE     2

                                     BSK_L1                                     

                             LINKS: COLLISION STATS                             

                     REPLICATION 1 FROM 0.0 TO 10.0 SECONDS                     


LINK NAME                  CSMA/CA  
                             link   
                                    

ACCESS PROTOCOL              CSMA/CA

COLLISION EPISODES              3474

COLLIDED FRAMES                 8819

NBR OF TRIES TO RESOLVE
  AVERAGE                       3.01
  STANDARD DEVIATION            1.74
  MAXIMUM                          7

NBR OF DEFERRALS                3940

DEFERRAL DELAY  (MS)
  AVERAGE                       7.59
  STANDARD DEVIATION            4.95
  MAXIMUM                      23.57

DEFERRAL QUEUE SIZE  (FRAMES)
  AVERAGE                       2.99
  STANDARD DEVIATION            1.67
  MAXIMUM                         15

MULTIPLE COLLISION EPISODES
  NBR EPISODES                  1343
  AVG PER EPISODE               3.39
  MAX PER EPISODE                  7



CACI COMNET III  Release 1.3 (Build 1220)  Sun Mar 28 18:46:49 2021   PAGE     3

                                     BSK_L1                                     

                 MESSAGE + RESPONSE SOURCES: MESSAGE DELIVERED                  

                     REPLICATION 1 FROM 0.0 TO 10.0 SECONDS                     

ORIGIN / MSG SRC NAME:  MESSAGES          MESSAGE DELAY (MILLISECONDS)
  DESTINATION LIST      ASSEMBLED      AVERAGE       STD DEV       MAXIMUM
______________________  _________   ____________  ____________  ____________

Computer group / src Message Source:
  Computer group             3232       3389.816      2022.781      7805.208
