CACI COMNET III  Release 1.3 (Build 1220)  Sun Mar 28 18:43:32 2021   PAGE     1

                                     BSK_L1                                     

                           LINKS: CHANNEL UTILIZATION                           

                     REPLICATION 1 FROM 0.0 TO 10.0 SECONDS                     

                             FRAMES           TRANSMISSION DELAY (MS)       %
LINK                   DELIVERED RST/ERR  AVERAGE    STD DEV    MAXIMUM   UTIL
_____________________  _________ ______  _________  _________  _________  _____

CSMA/CA link                4326      0    135.327    172.574    513.254  51.77


CACI COMNET III  Release 1.3 (Build 1220)  Sun Mar 28 18:43:32 2021   PAGE     2

                                     BSK_L1                                     

                             LINKS: COLLISION STATS                             

                     REPLICATION 1 FROM 0.0 TO 10.0 SECONDS                     


LINK NAME                  CSMA/CA  
                             link   
                                    

ACCESS PROTOCOL              CSMA/CA

COLLISION EPISODES              2844

COLLIDED FRAMES                 6831

NBR OF TRIES TO RESOLVE
  AVERAGE                       2.40
  STANDARD DEVIATION            1.36
  MAXIMUM                          7

NBR OF DEFERRALS                4373

DEFERRAL DELAY  (MS)
  AVERAGE                      14.76
  STANDARD DEVIATION            9.16
  MAXIMUM                      42.78

DEFERRAL QUEUE SIZE  (FRAMES)
  AVERAGE                       6.46
  STANDARD DEVIATION            2.47
  MAXIMUM                         23

MULTIPLE COLLISION EPISODES
  NBR EPISODES                   907
  AVG PER EPISODE               3.26
  MAX PER EPISODE                  7



CACI COMNET III  Release 1.3 (Build 1220)  Sun Mar 28 18:43:32 2021   PAGE     3

                                     BSK_L1                                     

                 MESSAGE + RESPONSE SOURCES: MESSAGE DELIVERED                  

                     REPLICATION 1 FROM 0.0 TO 10.0 SECONDS                     

ORIGIN / MSG SRC NAME:  MESSAGES          MESSAGE DELAY (MILLISECONDS)
  DESTINATION LIST      ASSEMBLED      AVERAGE       STD DEV       MAXIMUM
______________________  _________   ____________  ____________  ____________

Computer group / src Message Source:
  Computer group             3762       3259.948      1898.924      7481.646
