CACI COMNET III  Release 1.3 (Build 1220)  Sun Mar 28 18:41:43 2021   PAGE     1

                                     BSK_L1                                     

                           LINKS: CHANNEL UTILIZATION                           

                     REPLICATION 1 FROM 0.0 TO 10.0 SECONDS                     

                             FRAMES           TRANSMISSION DELAY (MS)       %
LINK                   DELIVERED RST/ERR  AVERAGE    STD DEV    MAXIMUM   UTIL
_____________________  _________ ______  _________  _________  _________  _____

CSMA/CA link               12495      0      0.889      0.806     17.683  43.98


CACI COMNET III  Release 1.3 (Build 1220)  Sun Mar 28 18:41:43 2021   PAGE     2

                                     BSK_L1                                     

                             LINKS: COLLISION STATS                             

                     REPLICATION 1 FROM 0.0 TO 10.0 SECONDS                     


LINK NAME                  CSMA/CA  
                             link   
                                    

ACCESS PROTOCOL              CSMA/CA

COLLISION EPISODES               151

COLLIDED FRAMES                  306

NBR OF TRIES TO RESOLVE
  AVERAGE                       1.06
  STANDARD DEVIATION            0.26
  MAXIMUM                          3

NBR OF DEFERRALS                5557

DEFERRAL DELAY  (MS)
  AVERAGE                       0.99
  STANDARD DEVIATION            0.62
  MAXIMUM                       4.13

DEFERRAL QUEUE SIZE  (FRAMES)
  AVERAGE                       0.55
  STANDARD DEVIATION            0.80
  MAXIMUM                          5

MULTIPLE COLLISION EPISODES
  NBR EPISODES                     4
  AVG PER EPISODE               3.00
  MAX PER EPISODE                  3



CACI COMNET III  Release 1.3 (Build 1220)  Sun Mar 28 18:41:43 2021   PAGE     3

                                     BSK_L1                                     

                 MESSAGE + RESPONSE SOURCES: MESSAGE DELIVERED                  

                     REPLICATION 1 FROM 0.0 TO 10.0 SECONDS                     

ORIGIN / MSG SRC NAME:  MESSAGES          MESSAGE DELAY (MILLISECONDS)
  DESTINATION LIST      ASSEMBLED      AVERAGE       STD DEV       MAXIMUM
______________________  _________   ____________  ____________  ____________

Computer group / src Message Source:
  Computer group            12495          0.889         0.806        17.683
