CACI COMNET III  Release 1.3 (Build 1220)  Sun Mar 28 17:09:40 2021   PAGE     1

                                     BSK_L1                                     

                           LINKS: CHANNEL UTILIZATION                           

                     REPLICATION 1 FROM 0.0 TO 10.0 SECONDS                     

                             FRAMES           TRANSMISSION DELAY (MS)       %
LINK                   DELIVERED RST/ERR  AVERAGE    STD DEV    MAXIMUM   UTIL
_____________________  _________ ______  _________  _________  _________  _____

CSMA/CA link                3610      0     19.300     28.684    512.000  61.24


CACI COMNET III  Release 1.3 (Build 1220)  Sun Mar 28 17:09:40 2021   PAGE     2

                                     BSK_L1                                     

                             LINKS: COLLISION STATS                             

                     REPLICATION 1 FROM 0.0 TO 10.0 SECONDS                     


LINK NAME                  CSMA/CA  
                             link   
                                    

ACCESS PROTOCOL              CSMA/CA

COLLISION EPISODES               586

COLLIDED FRAMES                 1222

NBR OF TRIES TO RESOLVE
  AVERAGE                       1.40
  STANDARD DEVIATION            0.72
  MAXIMUM                          5

NBR OF DEFERRALS                3613

DEFERRAL DELAY  (MS)
  AVERAGE                       7.54
  STANDARD DEVIATION            5.90
  MAXIMUM                      34.20

DEFERRAL QUEUE SIZE  (FRAMES)
  AVERAGE                       2.73
  STANDARD DEVIATION            1.28
  MAXIMUM                          7

MULTIPLE COLLISION EPISODES
  NBR EPISODES                    45
  AVG PER EPISODE               3.11
  MAX PER EPISODE                  4



CACI COMNET III  Release 1.3 (Build 1220)  Sun Mar 28 17:09:40 2021   PAGE     3

                                     BSK_L1                                     

                 MESSAGE + RESPONSE SOURCES: MESSAGE DELIVERED                  

                     REPLICATION 1 FROM 0.0 TO 10.0 SECONDS                     

ORIGIN / MSG SRC NAME:  MESSAGES          MESSAGE DELAY (MILLISECONDS)
  DESTINATION LIST      ASSEMBLED      AVERAGE       STD DEV       MAXIMUM
______________________  _________   ____________  ____________  ____________

Computer group / src Message Source:
  Computer group             3608       3552.704      2048.040      7373.487
