CACI COMNET III  Release 1.3 (Build 1220)  Sun Mar 28 17:37:58 2021   PAGE     1

                                     BSK_L1                                     

                           LINKS: CHANNEL UTILIZATION                           

                     REPLICATION 1 FROM 0.0 TO 10.0 SECONDS                     

                             FRAMES           TRANSMISSION DELAY (MS)       %
LINK                   DELIVERED RST/ERR  AVERAGE    STD DEV    MAXIMUM   UTIL
_____________________  _________ ______  _________  _________  _________  _____

CSMA/CA link                3390      0     20.590     27.394    484.931  57.70


CACI COMNET III  Release 1.3 (Build 1220)  Sun Mar 28 17:37:58 2021   PAGE     2

                                     BSK_L1                                     

                             LINKS: COLLISION STATS                             

                     REPLICATION 1 FROM 0.0 TO 10.0 SECONDS                     


LINK NAME                  CSMA/CA  
                             link   
                                    

ACCESS PROTOCOL              CSMA/CA

COLLISION EPISODES               669

COLLIDED FRAMES                 1369

NBR OF TRIES TO RESOLVE
  AVERAGE                       1.80
  STANDARD DEVIATION            1.08
  MAXIMUM                         10

NBR OF DEFERRALS                3393

DEFERRAL DELAY  (MS)
  AVERAGE                       4.71
  STANDARD DEVIATION            4.00
  MAXIMUM                      24.07

DEFERRAL QUEUE SIZE  (FRAMES)
  AVERAGE                       1.60
  STANDARD DEVIATION            1.09
  MAXIMUM                          7

MULTIPLE COLLISION EPISODES
  NBR EPISODES                    31
  AVG PER EPISODE               3.00
  MAX PER EPISODE                  3



CACI COMNET III  Release 1.3 (Build 1220)  Sun Mar 28 17:37:58 2021   PAGE     3

                                     BSK_L1                                     

                 MESSAGE + RESPONSE SOURCES: MESSAGE DELIVERED                  

                     REPLICATION 1 FROM 0.0 TO 10.0 SECONDS                     

ORIGIN / MSG SRC NAME:  MESSAGES          MESSAGE DELAY (MILLISECONDS)
  DESTINATION LIST      ASSEMBLED      AVERAGE       STD DEV       MAXIMUM
______________________  _________   ____________  ____________  ____________

Computer group / src Message Source:
  Computer group             3390       3634.952      2104.657      7590.187
