CACI COMNET III  Release 1.3 (Build 1220)  Sun Mar 28 17:38:37 2021   PAGE     1

                                     BSK_L1                                     

                           LINKS: CHANNEL UTILIZATION                           

                     REPLICATION 1 FROM 0.0 TO 10.0 SECONDS                     

                             FRAMES           TRANSMISSION DELAY (MS)       %
LINK                   DELIVERED RST/ERR  AVERAGE    STD DEV    MAXIMUM   UTIL
_____________________  _________ ______  _________  _________  _________  _____

CSMA/CA link                6142      0     11.378     16.083    294.502  63.10


CACI COMNET III  Release 1.3 (Build 1220)  Sun Mar 28 17:38:37 2021   PAGE     2

                                     BSK_L1                                     

                             LINKS: COLLISION STATS                             

                     REPLICATION 1 FROM 0.0 TO 10.0 SECONDS                     


LINK NAME                  CSMA/CA  
                             link   
                                    

ACCESS PROTOCOL              CSMA/CA

COLLISION EPISODES              1033

COLLIDED FRAMES                 2114

NBR OF TRIES TO RESOLVE
  AVERAGE                       1.71
  STANDARD DEVIATION            1.05
  MAXIMUM                         10

NBR OF DEFERRALS                6145

DEFERRAL DELAY  (MS)
  AVERAGE                       2.86
  STANDARD DEVIATION            2.26
  MAXIMUM                      14.84

DEFERRAL QUEUE SIZE  (FRAMES)
  AVERAGE                       1.76
  STANDARD DEVIATION            1.13
  MAXIMUM                          7

MULTIPLE COLLISION EPISODES
  NBR EPISODES                    47
  AVG PER EPISODE               3.02
  MAX PER EPISODE                  4



CACI COMNET III  Release 1.3 (Build 1220)  Sun Mar 28 17:38:37 2021   PAGE     3

                                     BSK_L1                                     

                 MESSAGE + RESPONSE SOURCES: MESSAGE DELIVERED                  

                     REPLICATION 1 FROM 0.0 TO 10.0 SECONDS                     

ORIGIN / MSG SRC NAME:  MESSAGES          MESSAGE DELAY (MILLISECONDS)
  DESTINATION LIST      ASSEMBLED      AVERAGE       STD DEV       MAXIMUM
______________________  _________   ____________  ____________  ____________

Computer group / src Message Source:
  Computer group             6142       2543.081      1471.749      5336.677
