CACI COMNET III  Release 1.3 (Build 1220)  Sun Mar 28 17:33:17 2021   PAGE     1

                                     BSK_L1                                     

                           LINKS: CHANNEL UTILIZATION                           

                     REPLICATION 1 FROM 0.0 TO 10.0 SECONDS                     

                             FRAMES           TRANSMISSION DELAY (MS)       %
LINK                   DELIVERED RST/ERR  AVERAGE    STD DEV    MAXIMUM   UTIL
_____________________  _________ ______  _________  _________  _________  _____

CSMA/CA link                8289      0      8.426     13.908    372.784  73.78


CACI COMNET III  Release 1.3 (Build 1220)  Sun Mar 28 17:33:17 2021   PAGE     2

                                     BSK_L1                                     

                             LINKS: COLLISION STATS                             

                     REPLICATION 1 FROM 0.0 TO 10.0 SECONDS                     


LINK NAME                  CSMA/CA  
                             link   
                                    

ACCESS PROTOCOL              CSMA/CA

COLLISION EPISODES              1248

COLLIDED FRAMES                 2596

NBR OF TRIES TO RESOLVE
  AVERAGE                       1.38
  STANDARD DEVIATION            0.71
  MAXIMUM                          6

NBR OF DEFERRALS                8290

DEFERRAL DELAY  (MS)
  AVERAGE                       3.45
  STANDARD DEVIATION            2.52
  MAXIMUM                      12.86

DEFERRAL QUEUE SIZE  (FRAMES)
  AVERAGE                       2.86
  STANDARD DEVIATION            1.30
  MAXIMUM                          7

MULTIPLE COLLISION EPISODES
  NBR EPISODES                    98
  AVG PER EPISODE               3.02
  MAX PER EPISODE                  4



CACI COMNET III  Release 1.3 (Build 1220)  Sun Mar 28 17:33:17 2021   PAGE     3

                                     BSK_L1                                     

                 MESSAGE + RESPONSE SOURCES: MESSAGE DELIVERED                  

                     REPLICATION 1 FROM 0.0 TO 10.0 SECONDS                     

ORIGIN / MSG SRC NAME:  MESSAGES          MESSAGE DELAY (MILLISECONDS)
  DESTINATION LIST      ASSEMBLED      AVERAGE       STD DEV       MAXIMUM
______________________  _________   ____________  ____________  ____________

Computer group / src Message Source:
  Computer group             8289       1668.515      1003.305      3625.312
