CACI COMNET III  Release 1.3 (Build 1220)  Sun Mar 28 17:38:56 2021   PAGE     1

                                     BSK_L1                                     

                           LINKS: CHANNEL UTILIZATION                           

                     REPLICATION 1 FROM 0.0 TO 10.0 SECONDS                     

                             FRAMES           TRANSMISSION DELAY (MS)       %
LINK                   DELIVERED RST/ERR  AVERAGE    STD DEV    MAXIMUM   UTIL
_____________________  _________ ______  _________  _________  _________  _____

CSMA/CA link                6848      0     10.180     16.847    279.290  61.18


CACI COMNET III  Release 1.3 (Build 1220)  Sun Mar 28 17:38:56 2021   PAGE     2

                                     BSK_L1                                     

                             LINKS: COLLISION STATS                             

                     REPLICATION 1 FROM 0.0 TO 10.0 SECONDS                     


LINK NAME                  CSMA/CA  
                             link   
                                    

ACCESS PROTOCOL              CSMA/CA

COLLISION EPISODES              1076

COLLIDED FRAMES                 2211

NBR OF TRIES TO RESOLVE
  AVERAGE                       1.70
  STANDARD DEVIATION            1.02
  MAXIMUM                          8

NBR OF DEFERRALS                6849

DEFERRAL DELAY  (MS)
  AVERAGE                       2.40
  STANDARD DEVIATION            1.88
  MAXIMUM                      12.65

DEFERRAL QUEUE SIZE  (FRAMES)
  AVERAGE                       1.64
  STANDARD DEVIATION            1.12
  MAXIMUM                          6

MULTIPLE COLLISION EPISODES
  NBR EPISODES                    59
  AVG PER EPISODE               3.00
  MAX PER EPISODE                  3



CACI COMNET III  Release 1.3 (Build 1220)  Sun Mar 28 17:38:56 2021   PAGE     3

                                     BSK_L1                                     

                 MESSAGE + RESPONSE SOURCES: MESSAGE DELIVERED                  

                     REPLICATION 1 FROM 0.0 TO 10.0 SECONDS                     

ORIGIN / MSG SRC NAME:  MESSAGES          MESSAGE DELAY (MILLISECONDS)
  DESTINATION LIST      ASSEMBLED      AVERAGE       STD DEV       MAXIMUM
______________________  _________   ____________  ____________  ____________

Computer group / src Message Source:
  Computer group             6848       2239.056      1309.021      4892.209
