CACI COMNET III  Release 1.3 (Build 1220)  Sun Mar 28 17:39:14 2021   PAGE     1

                                     BSK_L1                                     

                           LINKS: CHANNEL UTILIZATION                           

                     REPLICATION 1 FROM 0.0 TO 10.0 SECONDS                     

                             FRAMES           TRANSMISSION DELAY (MS)       %
LINK                   DELIVERED RST/ERR  AVERAGE    STD DEV    MAXIMUM   UTIL
_____________________  _________ ______  _________  _________  _________  _____

CSMA/CA link                6501      0     10.722     20.978    369.018  55.15


CACI COMNET III  Release 1.3 (Build 1220)  Sun Mar 28 17:39:14 2021   PAGE     2

                                     BSK_L1                                     

                             LINKS: COLLISION STATS                             

                     REPLICATION 1 FROM 0.0 TO 10.0 SECONDS                     


LINK NAME                  CSMA/CA  
                             link   
                                    

ACCESS PROTOCOL              CSMA/CA

COLLISION EPISODES               924

COLLIDED FRAMES                 1896

NBR OF TRIES TO RESOLVE
  AVERAGE                       1.76
  STANDARD DEVIATION            1.10
  MAXIMUM                          8

NBR OF DEFERRALS                6499

DEFERRAL DELAY  (MS)
  AVERAGE                       2.22
  STANDARD DEVIATION            1.73
  MAXIMUM                      10.97

DEFERRAL QUEUE SIZE  (FRAMES)
  AVERAGE                       1.44
  STANDARD DEVIATION            1.03
  MAXIMUM                          6

MULTIPLE COLLISION EPISODES
  NBR EPISODES                    47
  AVG PER EPISODE               3.02
  MAX PER EPISODE                  4



CACI COMNET III  Release 1.3 (Build 1220)  Sun Mar 28 17:39:14 2021   PAGE     3

                                     BSK_L1                                     

                 MESSAGE + RESPONSE SOURCES: MESSAGE DELIVERED                  

                     REPLICATION 1 FROM 0.0 TO 10.0 SECONDS                     

ORIGIN / MSG SRC NAME:  MESSAGES          MESSAGE DELAY (MILLISECONDS)
  DESTINATION LIST      ASSEMBLED      AVERAGE       STD DEV       MAXIMUM
______________________  _________   ____________  ____________  ____________

Computer group / src Message Source:
  Computer group             6499       2399.583      1394.454      5099.628
