CACI COMNET III  Release 1.3 (Build 1220)  Sun Mar 28 17:35:58 2021   PAGE     1

                                     BSK_L1                                     

                           LINKS: CHANNEL UTILIZATION                           

                     REPLICATION 1 FROM 0.0 TO 10.0 SECONDS                     

                             FRAMES           TRANSMISSION DELAY (MS)       %
LINK                   DELIVERED RST/ERR  AVERAGE    STD DEV    MAXIMUM   UTIL
_____________________  _________ ______  _________  _________  _________  _____

CSMA/CA link                8578      0      8.133     14.737    512.000  72.50


CACI COMNET III  Release 1.3 (Build 1220)  Sun Mar 28 17:35:58 2021   PAGE     2

                                     BSK_L1                                     

                             LINKS: COLLISION STATS                             

                     REPLICATION 1 FROM 0.0 TO 10.0 SECONDS                     


LINK NAME                  CSMA/CA  
                             link   
                                    

ACCESS PROTOCOL              CSMA/CA

COLLISION EPISODES              1277

COLLIDED FRAMES                 2643

NBR OF TRIES TO RESOLVE
  AVERAGE                       1.39
  STANDARD DEVIATION            0.73
  MAXIMUM                          9

NBR OF DEFERRALS                8573

DEFERRAL DELAY  (MS)
  AVERAGE                       3.26
  STANDARD DEVIATION            2.39
  MAXIMUM                      14.24

DEFERRAL QUEUE SIZE  (FRAMES)
  AVERAGE                       2.79
  STANDARD DEVIATION            1.31
  MAXIMUM                          7

MULTIPLE COLLISION EPISODES
  NBR EPISODES                    82
  AVG PER EPISODE               3.09
  MAX PER EPISODE                  4



CACI COMNET III  Release 1.3 (Build 1220)  Sun Mar 28 17:35:58 2021   PAGE     3

                                     BSK_L1                                     

                 MESSAGE + RESPONSE SOURCES: MESSAGE DELIVERED                  

                     REPLICATION 1 FROM 0.0 TO 10.0 SECONDS                     

ORIGIN / MSG SRC NAME:  MESSAGES          MESSAGE DELAY (MILLISECONDS)
  DESTINATION LIST      ASSEMBLED      AVERAGE       STD DEV       MAXIMUM
______________________  _________   ____________  ____________  ____________

Computer group / src Message Source:
  Computer group             8576       1554.939       935.363      3475.734
