CACI COMNET III  Release 1.3 (Build 1220)  Sun Mar 28 17:39:32 2021   PAGE     1

                                     BSK_L1                                     

                           LINKS: CHANNEL UTILIZATION                           

                     REPLICATION 1 FROM 0.0 TO 10.0 SECONDS                     

                             FRAMES           TRANSMISSION DELAY (MS)       %
LINK                   DELIVERED RST/ERR  AVERAGE    STD DEV    MAXIMUM   UTIL
_____________________  _________ ______  _________  _________  _________  _____

CSMA/CA link                5510      0     12.612     30.634    429.255  45.39


CACI COMNET III  Release 1.3 (Build 1220)  Sun Mar 28 17:39:32 2021   PAGE     2

                                     BSK_L1                                     

                             LINKS: COLLISION STATS                             

                     REPLICATION 1 FROM 0.0 TO 10.0 SECONDS                     


LINK NAME                  CSMA/CA  
                             link   
                                    

ACCESS PROTOCOL              CSMA/CA

COLLISION EPISODES               585

COLLIDED FRAMES                 1193

NBR OF TRIES TO RESOLVE
  AVERAGE                       1.82
  STANDARD DEVIATION            1.16
  MAXIMUM                          7

NBR OF DEFERRALS                5510

DEFERRAL DELAY  (MS)
  AVERAGE                       2.15
  STANDARD DEVIATION            1.76
  MAXIMUM                      10.92

DEFERRAL QUEUE SIZE  (FRAMES)
  AVERAGE                       1.18
  STANDARD DEVIATION            0.97
  MAXIMUM                          6

MULTIPLE COLLISION EPISODES
  NBR EPISODES                    21
  AVG PER EPISODE               3.10
  MAX PER EPISODE                  4



CACI COMNET III  Release 1.3 (Build 1220)  Sun Mar 28 17:39:32 2021   PAGE     3

                                     BSK_L1                                     

                 MESSAGE + RESPONSE SOURCES: MESSAGE DELIVERED                  

                     REPLICATION 1 FROM 0.0 TO 10.0 SECONDS                     

ORIGIN / MSG SRC NAME:  MESSAGES          MESSAGE DELAY (MILLISECONDS)
  DESTINATION LIST      ASSEMBLED      AVERAGE       STD DEV       MAXIMUM
______________________  _________   ____________  ____________  ____________

Computer group / src Message Source:
  Computer group             5500       2735.138      1639.607      5952.620
