CACI COMNET III  Release 1.3 (Build 1220)  Sun Mar 28 17:06:31 2021   PAGE     1

                                     BSK_L1                                     

                           LINKS: CHANNEL UTILIZATION                           

                     REPLICATION 1 FROM 0.0 TO 10.0 SECONDS                     

                             FRAMES           TRANSMISSION DELAY (MS)       %
LINK                   DELIVERED RST/ERR  AVERAGE    STD DEV    MAXIMUM   UTIL
_____________________  _________ ______  _________  _________  _________  _____

CSMA/CA link                3500      0     19.969     26.499    494.207  59.43


CACI COMNET III  Release 1.3 (Build 1220)  Sun Mar 28 17:06:31 2021   PAGE     2

                                     BSK_L1                                     

                             LINKS: COLLISION STATS                             

                     REPLICATION 1 FROM 0.0 TO 10.0 SECONDS                     


LINK NAME                  CSMA/CA  
                             link   
                                    

ACCESS PROTOCOL              CSMA/CA

COLLISION EPISODES               597

COLLIDED FRAMES                 1235

NBR OF TRIES TO RESOLVE
  AVERAGE                       1.58
  STANDARD DEVIATION            0.89
  MAXIMUM                          7

NBR OF DEFERRALS                3503

DEFERRAL DELAY  (MS)
  AVERAGE                       5.92
  STANDARD DEVIATION            4.79
  MAXIMUM                      26.53

DEFERRAL QUEUE SIZE  (FRAMES)
  AVERAGE                       2.07
  STANDARD DEVIATION            1.18
  MAXIMUM                          7

MULTIPLE COLLISION EPISODES
  NBR EPISODES                    39
  AVG PER EPISODE               3.05
  MAX PER EPISODE                  4



CACI COMNET III  Release 1.3 (Build 1220)  Sun Mar 28 17:06:31 2021   PAGE     3

                                     BSK_L1                                     

                 MESSAGE + RESPONSE SOURCES: MESSAGE DELIVERED                  

                     REPLICATION 1 FROM 0.0 TO 10.0 SECONDS                     

ORIGIN / MSG SRC NAME:  MESSAGES          MESSAGE DELAY (MILLISECONDS)
  DESTINATION LIST      ASSEMBLED      AVERAGE       STD DEV       MAXIMUM
______________________  _________   ____________  ____________  ____________

Computer group / src Message Source:
  Computer group             3500       3602.182      2079.783      7357.490
