CACI COMNET III  Release 1.3 (Build 1220)  Tue Mar 23 13:58:48 2021   PAGE     1

                                     BSK_L1                                     
    Experiment scenario 9: IAT of "Message Source @ Computer group" = 0.0025    

                           LINKS: CHANNEL UTILIZATION                           

                     REPLICATION 1 FROM 0.0 TO 2.0 SECONDS                      

                             FRAMES           TRANSMISSION DELAY (MS)       %
LINK                   DELIVERED RST/ERR  AVERAGE    STD DEV    MAXIMUM   UTIL
_____________________  _________ ______  _________  _________  _________  _____

CSMA/CA link                5487      0     34.718     71.073    495.862  20.49


CACI COMNET III  Release 1.3 (Build 1220)  Tue Mar 23 13:58:48 2021   PAGE     2

                                     BSK_L1                                     
    Experiment scenario 9: IAT of "Message Source @ Computer group" = 0.0025    

                             LINKS: COLLISION STATS                             

                     REPLICATION 1 FROM 0.0 TO 2.0 SECONDS                      


LINK NAME                  CSMA/CA  
                             link   
                                    

ACCESS PROTOCOL              CSMA/CA

COLLISION EPISODES              4055

COLLIDED FRAMES                 9802

NBR OF TRIES TO RESOLVE
  AVERAGE                       2.66
  STANDARD DEVIATION            1.82
  MAXIMUM                          7

NBR OF DEFERRALS                5501

DEFERRAL DELAY  (MS)
  AVERAGE                       2.22
  STANDARD DEVIATION            1.45
  MAXIMUM                      11.16

DEFERRAL QUEUE SIZE  (FRAMES)
  AVERAGE                       6.10
  STANDARD DEVIATION            4.01
  MAXIMUM                         81

MULTIPLE COLLISION EPISODES
  NBR EPISODES                  1269
  AVG PER EPISODE               3.33
  MAX PER EPISODE                  7



CACI COMNET III  Release 1.3 (Build 1220)  Tue Mar 23 13:58:48 2021   PAGE     3

                                     BSK_L1                                     
    Experiment scenario 9: IAT of "Message Source @ Computer group" = 0.0025    

                 MESSAGE + RESPONSE SOURCES: MESSAGE DELIVERED                  

                     REPLICATION 1 FROM 0.0 TO 2.0 SECONDS                      

ORIGIN / MSG SRC NAME:  MESSAGES          MESSAGE DELAY (MILLISECONDS)
  DESTINATION LIST      ASSEMBLED      AVERAGE       STD DEV       MAXIMUM
______________________  _________   ____________  ____________  ____________

Computer group / src Message Source:
  Computer group             5316        918.620       538.000      1898.479
