CACI COMNET III  Release 1.3 (Build 1220)  Tue Mar 23 13:57:11 2021   PAGE     1

                                     BSK_L1                                     
     Experiment scenario 2: IAT of "Message Source @ Computer group" = 0.02     

                           LINKS: CHANNEL UTILIZATION                           

                     REPLICATION 1 FROM 0.0 TO 2.0 SECONDS                      

                             FRAMES           TRANSMISSION DELAY (MS)       %
LINK                   DELIVERED RST/ERR  AVERAGE    STD DEV    MAXIMUM   UTIL
_____________________  _________ ______  _________  _________  _________  _____

CSMA/CA link                5853      0     29.005     63.834    453.661  22.12


CACI COMNET III  Release 1.3 (Build 1220)  Tue Mar 23 13:57:11 2021   PAGE     2

                                     BSK_L1                                     
     Experiment scenario 2: IAT of "Message Source @ Computer group" = 0.02     

                             LINKS: COLLISION STATS                             

                     REPLICATION 1 FROM 0.0 TO 2.0 SECONDS                      


LINK NAME                  CSMA/CA  
                             link   
                                    

ACCESS PROTOCOL              CSMA/CA

COLLISION EPISODES              3828

COLLIDED FRAMES                 9152

NBR OF TRIES TO RESOLVE
  AVERAGE                       2.55
  STANDARD DEVIATION            1.75
  MAXIMUM                          7

NBR OF DEFERRALS                5486

DEFERRAL DELAY  (MS)
  AVERAGE                       2.11
  STANDARD DEVIATION            1.30
  MAXIMUM                       5.62

DEFERRAL QUEUE SIZE  (FRAMES)
  AVERAGE                       5.79
  STANDARD DEVIATION            2.16
  MAXIMUM                         15

MULTIPLE COLLISION EPISODES
  NBR EPISODES                  1160
  AVG PER EPISODE               3.29
  MAX PER EPISODE                  6



CACI COMNET III  Release 1.3 (Build 1220)  Tue Mar 23 13:57:11 2021   PAGE     3

                                     BSK_L1                                     
     Experiment scenario 2: IAT of "Message Source @ Computer group" = 0.02     

                 MESSAGE + RESPONSE SOURCES: MESSAGE DELIVERED                  

                     REPLICATION 1 FROM 0.0 TO 2.0 SECONDS                      

ORIGIN / MSG SRC NAME:  MESSAGES          MESSAGE DELAY (MILLISECONDS)
  DESTINATION LIST      ASSEMBLED      AVERAGE       STD DEV       MAXIMUM
______________________  _________   ____________  ____________  ____________

Computer group / src Message Source:
  Computer group             5738        337.750       306.859      1380.726
