CACI COMNET III  Release 1.3 (Build 1220)  Tue Mar 23 13:59:37 2021   PAGE     1

                                     BSK_L1                                     
   Experiment scenario 10: IAT of "Message Source @ Computer group" = 0.00222   

                           LINKS: CHANNEL UTILIZATION                           

                     REPLICATION 1 FROM 0.0 TO 2.0 SECONDS                      

                             FRAMES           TRANSMISSION DELAY (MS)       %
LINK                   DELIVERED RST/ERR  AVERAGE    STD DEV    MAXIMUM   UTIL
_____________________  _________ ______  _________  _________  _________  _____

CSMA/CA link                5447      0     34.980     71.033    447.280  20.36


CACI COMNET III  Release 1.3 (Build 1220)  Tue Mar 23 13:59:37 2021   PAGE     2

                                     BSK_L1                                     
   Experiment scenario 10: IAT of "Message Source @ Computer group" = 0.00222   

                             LINKS: COLLISION STATS                             

                     REPLICATION 1 FROM 0.0 TO 2.0 SECONDS                      


LINK NAME                  CSMA/CA  
                             link   
                                    

ACCESS PROTOCOL              CSMA/CA

COLLISION EPISODES              4049

COLLIDED FRAMES                 9803

NBR OF TRIES TO RESOLVE
  AVERAGE                       2.69
  STANDARD DEVIATION            1.86
  MAXIMUM                          7

NBR OF DEFERRALS                5503

DEFERRAL DELAY  (MS)
  AVERAGE                       2.17
  STANDARD DEVIATION            1.43
  MAXIMUM                      10.67

DEFERRAL QUEUE SIZE  (FRAMES)
  AVERAGE                       5.98
  STANDARD DEVIATION            4.22
  MAXIMUM                         80

MULTIPLE COLLISION EPISODES
  NBR EPISODES                  1304
  AVG PER EPISODE               3.31
  MAX PER EPISODE                  9



CACI COMNET III  Release 1.3 (Build 1220)  Tue Mar 23 13:59:37 2021   PAGE     3

                                     BSK_L1                                     
   Experiment scenario 10: IAT of "Message Source @ Computer group" = 0.00222   

                 MESSAGE + RESPONSE SOURCES: MESSAGE DELIVERED                  

                     REPLICATION 1 FROM 0.0 TO 2.0 SECONDS                      

ORIGIN / MSG SRC NAME:  MESSAGES          MESSAGE DELAY (MILLISECONDS)
  DESTINATION LIST      ASSEMBLED      AVERAGE       STD DEV       MAXIMUM
______________________  _________   ____________  ____________  ____________

Computer group / src Message Source:
  Computer group             5281        932.443       541.206      1943.113
