CACI COMNET III  Release 1.3 (Build 1220)  Tue Mar 23 13:57:39 2021   PAGE     1

                                     BSK_L1                                     
    Experiment scenario 6: IAT of "Message Source @ Computer group" = 0.004     

                           LINKS: CHANNEL UTILIZATION                           

                     REPLICATION 1 FROM 0.0 TO 2.0 SECONDS                      

                             FRAMES           TRANSMISSION DELAY (MS)       %
LINK                   DELIVERED RST/ERR  AVERAGE    STD DEV    MAXIMUM   UTIL
_____________________  _________ ______  _________  _________  _________  _____

CSMA/CA link                5479      0     34.737     70.146    487.740  20.61


CACI COMNET III  Release 1.3 (Build 1220)  Tue Mar 23 13:57:39 2021   PAGE     2

                                     BSK_L1                                     
    Experiment scenario 6: IAT of "Message Source @ Computer group" = 0.004     

                             LINKS: COLLISION STATS                             

                     REPLICATION 1 FROM 0.0 TO 2.0 SECONDS                      


LINK NAME                  CSMA/CA  
                             link   
                                    

ACCESS PROTOCOL              CSMA/CA

COLLISION EPISODES              4022

COLLIDED FRAMES                 9822

NBR OF TRIES TO RESOLVE
  AVERAGE                       2.68
  STANDARD DEVIATION            1.81
  MAXIMUM                          7

NBR OF DEFERRALS                5507

DEFERRAL DELAY  (MS)
  AVERAGE                       2.19
  STANDARD DEVIATION            1.38
  MAXIMUM                       9.23

DEFERRAL QUEUE SIZE  (FRAMES)
  AVERAGE                       6.05
  STANDARD DEVIATION            3.63
  MAXIMUM                         68

MULTIPLE COLLISION EPISODES
  NBR EPISODES                  1339
  AVG PER EPISODE               3.33
  MAX PER EPISODE                  8



CACI COMNET III  Release 1.3 (Build 1220)  Tue Mar 23 13:57:39 2021   PAGE     3

                                     BSK_L1                                     
    Experiment scenario 6: IAT of "Message Source @ Computer group" = 0.004     

                 MESSAGE + RESPONSE SOURCES: MESSAGE DELIVERED                  

                     REPLICATION 1 FROM 0.0 TO 2.0 SECONDS                      

ORIGIN / MSG SRC NAME:  MESSAGES          MESSAGE DELAY (MILLISECONDS)
  DESTINATION LIST      ASSEMBLED      AVERAGE       STD DEV       MAXIMUM
______________________  _________   ____________  ____________  ____________

Computer group / src Message Source:
  Computer group             5347        880.855       516.008      1875.329
