CACI COMNET III  Release 1.3 (Build 1220)  Tue Mar 23 13:57:55 2021   PAGE     1

                                     BSK_L1                                     
   Experiment scenario 7: IAT of "Message Source @ Computer group" = 0.00333    

                           LINKS: CHANNEL UTILIZATION                           

                     REPLICATION 1 FROM 0.0 TO 2.0 SECONDS                      

                             FRAMES           TRANSMISSION DELAY (MS)       %
LINK                   DELIVERED RST/ERR  AVERAGE    STD DEV    MAXIMUM   UTIL
_____________________  _________ ______  _________  _________  _________  _____

CSMA/CA link                5434      0     34.942     70.178    509.301  20.39


CACI COMNET III  Release 1.3 (Build 1220)  Tue Mar 23 13:57:55 2021   PAGE     2

                                     BSK_L1                                     
   Experiment scenario 7: IAT of "Message Source @ Computer group" = 0.00333    

                             LINKS: COLLISION STATS                             

                     REPLICATION 1 FROM 0.0 TO 2.0 SECONDS                      


LINK NAME                  CSMA/CA  
                             link   
                                    

ACCESS PROTOCOL              CSMA/CA

COLLISION EPISODES              4062

COLLIDED FRAMES                 9759

NBR OF TRIES TO RESOLVE
  AVERAGE                       2.68
  STANDARD DEVIATION            1.82
  MAXIMUM                          7

NBR OF DEFERRALS                5474

DEFERRAL DELAY  (MS)
  AVERAGE                       2.17
  STANDARD DEVIATION            1.40
  MAXIMUM                       9.34

DEFERRAL QUEUE SIZE  (FRAMES)
  AVERAGE                       5.94
  STANDARD DEVIATION            3.61
  MAXIMUM                         72

MULTIPLE COLLISION EPISODES
  NBR EPISODES                  1259
  AVG PER EPISODE               3.30
  MAX PER EPISODE                  7



CACI COMNET III  Release 1.3 (Build 1220)  Tue Mar 23 13:57:55 2021   PAGE     3

                                     BSK_L1                                     
   Experiment scenario 7: IAT of "Message Source @ Computer group" = 0.00333    

                 MESSAGE + RESPONSE SOURCES: MESSAGE DELIVERED                  

                     REPLICATION 1 FROM 0.0 TO 2.0 SECONDS                      

ORIGIN / MSG SRC NAME:  MESSAGES          MESSAGE DELAY (MILLISECONDS)
  DESTINATION LIST      ASSEMBLED      AVERAGE       STD DEV       MAXIMUM
______________________  _________   ____________  ____________  ____________

Computer group / src Message Source:
  Computer group             5290        907.805       521.369      1882.375
