CACI COMNET III  Release 1.3 (Build 1220)  Tue Mar 23 13:57:15 2021   PAGE     1

                                     BSK_L1                                     
     Experiment scenario 3: IAT of "Message Source @ Computer group" = 0.01     

                           LINKS: CHANNEL UTILIZATION                           

                     REPLICATION 1 FROM 0.0 TO 2.0 SECONDS                      

                             FRAMES           TRANSMISSION DELAY (MS)       %
LINK                   DELIVERED RST/ERR  AVERAGE    STD DEV    MAXIMUM   UTIL
_____________________  _________ ______  _________  _________  _________  _____

CSMA/CA link                5531      0     34.127     69.950    512.000  20.74


CACI COMNET III  Release 1.3 (Build 1220)  Tue Mar 23 13:57:15 2021   PAGE     2

                                     BSK_L1                                     
     Experiment scenario 3: IAT of "Message Source @ Computer group" = 0.01     

                             LINKS: COLLISION STATS                             

                     REPLICATION 1 FROM 0.0 TO 2.0 SECONDS                      


LINK NAME                  CSMA/CA  
                             link   
                                    

ACCESS PROTOCOL              CSMA/CA

COLLISION EPISODES              4019

COLLIDED FRAMES                 9761

NBR OF TRIES TO RESOLVE
  AVERAGE                       2.66
  STANDARD DEVIATION            1.80
  MAXIMUM                          7

NBR OF DEFERRALS                5515

DEFERRAL DELAY  (MS)
  AVERAGE                       2.20
  STANDARD DEVIATION            1.35
  MAXIMUM                       7.88

DEFERRAL QUEUE SIZE  (FRAMES)
  AVERAGE                       6.06
  STANDARD DEVIATION            2.62
  MAXIMUM                         32

MULTIPLE COLLISION EPISODES
  NBR EPISODES                  1273
  AVG PER EPISODE               3.35
  MAX PER EPISODE                  7



CACI COMNET III  Release 1.3 (Build 1220)  Tue Mar 23 13:57:15 2021   PAGE     3

                                     BSK_L1                                     
     Experiment scenario 3: IAT of "Message Source @ Computer group" = 0.01     

                 MESSAGE + RESPONSE SOURCES: MESSAGE DELIVERED                  

                     REPLICATION 1 FROM 0.0 TO 2.0 SECONDS                      

ORIGIN / MSG SRC NAME:  MESSAGES          MESSAGE DELAY (MILLISECONDS)
  DESTINATION LIST      ASSEMBLED      AVERAGE       STD DEV       MAXIMUM
______________________  _________   ____________  ____________  ____________

Computer group / src Message Source:
  Computer group             5380        703.084       442.540      1671.695
