CACI COMNET III  Release 1.3 (Build 1220)  Tue Mar 23 13:18:21 2021   PAGE     1

                                     BSK_L1                                     
   Experiment scenario 10: IAT of "Message Source @ Computer group" = 0.0888    

                           LINKS: CHANNEL UTILIZATION                           

                     REPLICATION 1 FROM 0.0 TO 10.0 SECONDS                     

                             FRAMES           TRANSMISSION DELAY (MS)       %
LINK                   DELIVERED RST/ERR  AVERAGE    STD DEV    MAXIMUM   UTIL
_____________________  _________ ______  _________  _________  _________  _____

CSMA/CA link                3926      0    247.111    212.968    513.332  38.92


CACI COMNET III  Release 1.3 (Build 1220)  Tue Mar 23 13:18:21 2021   PAGE     2

                                     BSK_L1                                     
   Experiment scenario 10: IAT of "Message Source @ Computer group" = 0.0888    

                             LINKS: COLLISION STATS                             

                     REPLICATION 1 FROM 0.0 TO 10.0 SECONDS                     


LINK NAME                  CSMA/CA  
                             link   
                                    

ACCESS PROTOCOL              CSMA/CA

COLLISION EPISODES              3490

COLLIDED FRAMES                 9247

NBR OF TRIES TO RESOLVE
  AVERAGE                       2.96
  STANDARD DEVIATION            1.39
  MAXIMUM                          7

NBR OF DEFERRALS                3988

DEFERRAL DELAY  (MS)
  AVERAGE                      19.79
  STANDARD DEVIATION           11.98
  MAXIMUM                      58.46

DEFERRAL QUEUE SIZE  (FRAMES)
  AVERAGE                       7.91
  STANDARD DEVIATION            3.21
  MAXIMUM                         32

MULTIPLE COLLISION EPISODES
  NBR EPISODES                  1548
  AVG PER EPISODE               3.46
  MAX PER EPISODE                  7



CACI COMNET III  Release 1.3 (Build 1220)  Tue Mar 23 13:18:21 2021   PAGE     3

                                     BSK_L1                                     
   Experiment scenario 10: IAT of "Message Source @ Computer group" = 0.0888    

                 MESSAGE + RESPONSE SOURCES: MESSAGE DELIVERED                  

                     REPLICATION 1 FROM 0.0 TO 10.0 SECONDS                     

ORIGIN / MSG SRC NAME:  MESSAGES          MESSAGE DELAY (MILLISECONDS)
  DESTINATION LIST      ASSEMBLED      AVERAGE       STD DEV       MAXIMUM
______________________  _________   ____________  ____________  ____________

Computer group / src Message Source:
  Computer group             2602       3173.109      1904.420      7552.083
