CACI COMNET III  Release 1.3 (Build 1220)  Tue Mar 23 13:18:08 2021   PAGE     1

                                     BSK_L1                                     
     Experiment scenario 5: IAT of "Message Source @ Computer group" = 0.2      

                           LINKS: CHANNEL UTILIZATION                           

                     REPLICATION 1 FROM 0.0 TO 10.0 SECONDS                     

                             FRAMES           TRANSMISSION DELAY (MS)       %
LINK                   DELIVERED RST/ERR  AVERAGE    STD DEV    MAXIMUM   UTIL
_____________________  _________ ______  _________  _________  _________  _____

CSMA/CA link                4995      0      4.506      4.199     69.814  74.70


CACI COMNET III  Release 1.3 (Build 1220)  Tue Mar 23 13:18:08 2021   PAGE     2

                                     BSK_L1                                     
     Experiment scenario 5: IAT of "Message Source @ Computer group" = 0.2      

                             LINKS: COLLISION STATS                             

                     REPLICATION 1 FROM 0.0 TO 10.0 SECONDS                     


LINK NAME                  CSMA/CA  
                             link   
                                    

ACCESS PROTOCOL              CSMA/CA

COLLISION EPISODES               163

COLLIDED FRAMES                  333

NBR OF TRIES TO RESOLVE
  AVERAGE                       1.09
  STANDARD DEVIATION            0.31
  MAXIMUM                          3

NBR OF DEFERRALS                3724

DEFERRAL DELAY  (MS)
  AVERAGE                       3.24
  STANDARD DEVIATION            2.69
  MAXIMUM                      14.15

DEFERRAL QUEUE SIZE  (FRAMES)
  AVERAGE                       1.21
  STANDARD DEVIATION            1.26
  MAXIMUM                          6

MULTIPLE COLLISION EPISODES
  NBR EPISODES                     7
  AVG PER EPISODE               3.00
  MAX PER EPISODE                  3



CACI COMNET III  Release 1.3 (Build 1220)  Tue Mar 23 13:18:08 2021   PAGE     3

                                     BSK_L1                                     
     Experiment scenario 5: IAT of "Message Source @ Computer group" = 0.2      

                 MESSAGE + RESPONSE SOURCES: MESSAGE DELIVERED                  

                     REPLICATION 1 FROM 0.0 TO 10.0 SECONDS                     

ORIGIN / MSG SRC NAME:  MESSAGES          MESSAGE DELAY (MILLISECONDS)
  DESTINATION LIST      ASSEMBLED      AVERAGE       STD DEV       MAXIMUM
______________________  _________   ____________  ____________  ____________

Computer group / src Message Source:
  Computer group             4995          4.506         4.199        69.814
