CACI COMNET III  Release 1.3 (Build 1220)  Tue Mar 23 13:57:28 2021   PAGE     1

                                     BSK_L1                                     
    Experiment scenario 5: IAT of "Message Source @ Computer group" = 0.005     

                           LINKS: CHANNEL UTILIZATION                           

                     REPLICATION 1 FROM 0.0 TO 2.0 SECONDS                      

                             FRAMES           TRANSMISSION DELAY (MS)       %
LINK                   DELIVERED RST/ERR  AVERAGE    STD DEV    MAXIMUM   UTIL
_____________________  _________ ______  _________  _________  _________  _____

CSMA/CA link                5475      0     34.906     70.066    460.483  20.49


CACI COMNET III  Release 1.3 (Build 1220)  Tue Mar 23 13:57:28 2021   PAGE     2

                                     BSK_L1                                     
    Experiment scenario 5: IAT of "Message Source @ Computer group" = 0.005     

                             LINKS: COLLISION STATS                             

                     REPLICATION 1 FROM 0.0 TO 2.0 SECONDS                      


LINK NAME                  CSMA/CA  
                             link   
                                    

ACCESS PROTOCOL              CSMA/CA

COLLISION EPISODES              4050

COLLIDED FRAMES                 9862

NBR OF TRIES TO RESOLVE
  AVERAGE                       2.65
  STANDARD DEVIATION            1.82
  MAXIMUM                          7

NBR OF DEFERRALS                5509

DEFERRAL DELAY  (MS)
  AVERAGE                       2.18
  STANDARD DEVIATION            1.38
  MAXIMUM                      10.00

DEFERRAL QUEUE SIZE  (FRAMES)
  AVERAGE                       6.02
  STANDARD DEVIATION            3.15
  MAXIMUM                         58

MULTIPLE COLLISION EPISODES
  NBR EPISODES                  1346
  AVG PER EPISODE               3.31
  MAX PER EPISODE                  7



CACI COMNET III  Release 1.3 (Build 1220)  Tue Mar 23 13:57:28 2021   PAGE     3

                                     BSK_L1                                     
    Experiment scenario 5: IAT of "Message Source @ Computer group" = 0.005     

                 MESSAGE + RESPONSE SOURCES: MESSAGE DELIVERED                  

                     REPLICATION 1 FROM 0.0 TO 2.0 SECONDS                      

ORIGIN / MSG SRC NAME:  MESSAGES          MESSAGE DELAY (MILLISECONDS)
  DESTINATION LIST      ASSEMBLED      AVERAGE       STD DEV       MAXIMUM
______________________  _________   ____________  ____________  ____________

Computer group / src Message Source:
  Computer group             5315        851.373       502.738      1815.989
