CACI COMNET III  Release 1.3 (Build 1220)  Tue Mar 23 13:57:20 2021   PAGE     1

                                     BSK_L1                                     
   Experiment scenario 4: IAT of "Message Source @ Computer group" = 0.00666    

                           LINKS: CHANNEL UTILIZATION                           

                     REPLICATION 1 FROM 0.0 TO 2.0 SECONDS                      

                             FRAMES           TRANSMISSION DELAY (MS)       %
LINK                   DELIVERED RST/ERR  AVERAGE    STD DEV    MAXIMUM   UTIL
_____________________  _________ ______  _________  _________  _________  _____

CSMA/CA link                5535      0     34.210     71.132    484.892  20.70


CACI COMNET III  Release 1.3 (Build 1220)  Tue Mar 23 13:57:20 2021   PAGE     2

                                     BSK_L1                                     
   Experiment scenario 4: IAT of "Message Source @ Computer group" = 0.00666    

                             LINKS: COLLISION STATS                             

                     REPLICATION 1 FROM 0.0 TO 2.0 SECONDS                      


LINK NAME                  CSMA/CA  
                             link   
                                    

ACCESS PROTOCOL              CSMA/CA

COLLISION EPISODES              4030

COLLIDED FRAMES                 9658

NBR OF TRIES TO RESOLVE
  AVERAGE                       2.64
  STANDARD DEVIATION            1.83
  MAXIMUM                          7

NBR OF DEFERRALS                5498

DEFERRAL DELAY  (MS)
  AVERAGE                       2.20
  STANDARD DEVIATION            1.38
  MAXIMUM                      10.98

DEFERRAL QUEUE SIZE  (FRAMES)
  AVERAGE                       6.06
  STANDARD DEVIATION            3.00
  MAXIMUM                         48

MULTIPLE COLLISION EPISODES
  NBR EPISODES                  1221
  AVG PER EPISODE               3.31
  MAX PER EPISODE                  7



CACI COMNET III  Release 1.3 (Build 1220)  Tue Mar 23 13:57:20 2021   PAGE     3

                                     BSK_L1                                     
   Experiment scenario 4: IAT of "Message Source @ Computer group" = 0.00666    

                 MESSAGE + RESPONSE SOURCES: MESSAGE DELIVERED                  

                     REPLICATION 1 FROM 0.0 TO 2.0 SECONDS                      

ORIGIN / MSG SRC NAME:  MESSAGES          MESSAGE DELAY (MILLISECONDS)
  DESTINATION LIST      ASSEMBLED      AVERAGE       STD DEV       MAXIMUM
______________________  _________   ____________  ____________  ____________

Computer group / src Message Source:
  Computer group             5371        795.824       479.506      1800.548
