CACI COMNET III  Release 1.3 (Build 1220)  Tue Mar 23 13:57:08 2021   PAGE     1

                                     BSK_L1                                     
     Experiment scenario 1: IAT of "Message Source @ Computer group" = 0.04     

                           LINKS: CHANNEL UTILIZATION                           

                     REPLICATION 1 FROM 0.0 TO 2.0 SECONDS                      

                             FRAMES           TRANSMISSION DELAY (MS)       %
LINK                   DELIVERED RST/ERR  AVERAGE    STD DEV    MAXIMUM   UTIL
_____________________  _________ ______  _________  _________  _________  _____

CSMA/CA link                4998      0      0.328      0.391      8.402  19.27


CACI COMNET III  Release 1.3 (Build 1220)  Tue Mar 23 13:57:08 2021   PAGE     2

                                     BSK_L1                                     
     Experiment scenario 1: IAT of "Message Source @ Computer group" = 0.04     

                             LINKS: COLLISION STATS                             

                     REPLICATION 1 FROM 0.0 TO 2.0 SECONDS                      


LINK NAME                  CSMA/CA  
                             link   
                                    

ACCESS PROTOCOL              CSMA/CA

COLLISION EPISODES                30

COLLIDED FRAMES                   60

NBR OF TRIES TO RESOLVE
  AVERAGE                       1.09
  STANDARD DEVIATION            0.34
  MAXIMUM                          3

NBR OF DEFERRALS                1582

DEFERRAL DELAY  (MS)
  AVERAGE                       0.58
  STANDARD DEVIATION            0.33
  MAXIMUM                       1.85

DEFERRAL QUEUE SIZE  (FRAMES)
  AVERAGE                       0.46
  STANDARD DEVIATION            0.69
  MAXIMUM                          4

MULTIPLE COLLISION EPISODES
  NBR EPISODES                     0
  AVG PER EPISODE               0.00
  MAX PER EPISODE                  0



CACI COMNET III  Release 1.3 (Build 1220)  Tue Mar 23 13:57:08 2021   PAGE     3

                                     BSK_L1                                     
     Experiment scenario 1: IAT of "Message Source @ Computer group" = 0.04     

                 MESSAGE + RESPONSE SOURCES: MESSAGE DELIVERED                  

                     REPLICATION 1 FROM 0.0 TO 2.0 SECONDS                      

ORIGIN / MSG SRC NAME:  MESSAGES          MESSAGE DELAY (MILLISECONDS)
  DESTINATION LIST      ASSEMBLED      AVERAGE       STD DEV       MAXIMUM
______________________  _________   ____________  ____________  ____________

Computer group / src Message Source:
  Computer group             4998          0.328         0.391         8.402
