CACI COMNET III  Release 1.3 (Build 1220)  Tue Mar 23 13:18:10 2021   PAGE     1

                                     BSK_L1                                     
     Experiment scenario 6: IAT of "Message Source @ Computer group" = 0.16     

                           LINKS: CHANNEL UTILIZATION                           

                     REPLICATION 1 FROM 0.0 TO 10.0 SECONDS                     

                             FRAMES           TRANSMISSION DELAY (MS)       %
LINK                   DELIVERED RST/ERR  AVERAGE    STD DEV    MAXIMUM   UTIL
_____________________  _________ ______  _________  _________  _________  _____

CSMA/CA link                3929      0    238.524    212.780    513.600  40.25


CACI COMNET III  Release 1.3 (Build 1220)  Tue Mar 23 13:18:10 2021   PAGE     2

                                     BSK_L1                                     
     Experiment scenario 6: IAT of "Message Source @ Computer group" = 0.16     

                             LINKS: COLLISION STATS                             

                     REPLICATION 1 FROM 0.0 TO 10.0 SECONDS                     


LINK NAME                  CSMA/CA  
                             link   
                                    

ACCESS PROTOCOL              CSMA/CA

COLLISION EPISODES              3399

COLLIDED FRAMES                 8940

NBR OF TRIES TO RESOLVE
  AVERAGE                       2.93
  STANDARD DEVIATION            1.38
  MAXIMUM                          7

NBR OF DEFERRALS                3991

DEFERRAL DELAY  (MS)
  AVERAGE                      19.03
  STANDARD DEVIATION           11.79
  MAXIMUM                      46.12

DEFERRAL QUEUE SIZE  (FRAMES)
  AVERAGE                       7.60
  STANDARD DEVIATION            2.54
  MAXIMUM                         18

MULTIPLE COLLISION EPISODES
  NBR EPISODES                  1476
  AVG PER EPISODE               3.45
  MAX PER EPISODE                  9



CACI COMNET III  Release 1.3 (Build 1220)  Tue Mar 23 13:18:10 2021   PAGE     3

                                     BSK_L1                                     
     Experiment scenario 6: IAT of "Message Source @ Computer group" = 0.16     

                 MESSAGE + RESPONSE SOURCES: MESSAGE DELIVERED                  

                     REPLICATION 1 FROM 0.0 TO 10.0 SECONDS                     

ORIGIN / MSG SRC NAME:  MESSAGES          MESSAGE DELAY (MILLISECONDS)
  DESTINATION LIST      ASSEMBLED      AVERAGE       STD DEV       MAXIMUM
______________________  _________   ____________  ____________  ____________

Computer group / src Message Source:
  Computer group             2692       1685.349      1191.203      5399.431
