CACI COMNET III  Release 1.3 (Build 1220)  Tue Mar 23 13:18:14 2021   PAGE     1

                                     BSK_L1                                     
    Experiment scenario 8: IAT of "Message Source @ Computer group" = 0.1143    

                           LINKS: CHANNEL UTILIZATION                           

                     REPLICATION 1 FROM 0.0 TO 10.0 SECONDS                     

                             FRAMES           TRANSMISSION DELAY (MS)       %
LINK                   DELIVERED RST/ERR  AVERAGE    STD DEV    MAXIMUM   UTIL
_____________________  _________ ______  _________  _________  _________  _____

CSMA/CA link                3914      0    246.041    211.750    513.572  39.31


CACI COMNET III  Release 1.3 (Build 1220)  Tue Mar 23 13:18:14 2021   PAGE     2

                                     BSK_L1                                     
    Experiment scenario 8: IAT of "Message Source @ Computer group" = 0.1143    

                             LINKS: COLLISION STATS                             

                     REPLICATION 1 FROM 0.0 TO 10.0 SECONDS                     


LINK NAME                  CSMA/CA  
                             link   
                                    

ACCESS PROTOCOL              CSMA/CA

COLLISION EPISODES              3464

COLLIDED FRAMES                 9143

NBR OF TRIES TO RESOLVE
  AVERAGE                       2.92
  STANDARD DEVIATION            1.38
  MAXIMUM                          7

NBR OF DEFERRALS                3993

DEFERRAL DELAY  (MS)
  AVERAGE                      19.46
  STANDARD DEVIATION           12.05
  MAXIMUM                      47.95

DEFERRAL QUEUE SIZE  (FRAMES)
  AVERAGE                       7.78
  STANDARD DEVIATION            2.86
  MAXIMUM                         25

MULTIPLE COLLISION EPISODES
  NBR EPISODES                  1517
  AVG PER EPISODE               3.46
  MAX PER EPISODE                  8



CACI COMNET III  Release 1.3 (Build 1220)  Tue Mar 23 13:18:14 2021   PAGE     3

                                     BSK_L1                                     
    Experiment scenario 8: IAT of "Message Source @ Computer group" = 0.1143    

                 MESSAGE + RESPONSE SOURCES: MESSAGE DELIVERED                  

                     REPLICATION 1 FROM 0.0 TO 10.0 SECONDS                     

ORIGIN / MSG SRC NAME:  MESSAGES          MESSAGE DELAY (MILLISECONDS)
  DESTINATION LIST      ASSEMBLED      AVERAGE       STD DEV       MAXIMUM
______________________  _________   ____________  ____________  ____________

Computer group / src Message Source:
  Computer group             2629       2658.221      1648.781      6470.398
