CACI COMNET III  Release 1.3 (Build 1220)  Tue Mar 23 13:18:23 2021   PAGE     1

                                     BSK_L1                                     
    Experiment scenario 11: IAT of "Message Source @ Computer group" = 0.08     

                           LINKS: CHANNEL UTILIZATION                           

                     REPLICATION 1 FROM 0.0 TO 10.0 SECONDS                     

                             FRAMES           TRANSMISSION DELAY (MS)       %
LINK                   DELIVERED RST/ERR  AVERAGE    STD DEV    MAXIMUM   UTIL
_____________________  _________ ______  _________  _________  _________  _____

CSMA/CA link                3942      0    245.751    211.361    513.103  39.86


CACI COMNET III  Release 1.3 (Build 1220)  Tue Mar 23 13:18:23 2021   PAGE     2

                                     BSK_L1                                     
    Experiment scenario 11: IAT of "Message Source @ Computer group" = 0.08     

                             LINKS: COLLISION STATS                             

                     REPLICATION 1 FROM 0.0 TO 10.0 SECONDS                     


LINK NAME                  CSMA/CA  
                             link   
                                    

ACCESS PROTOCOL              CSMA/CA

COLLISION EPISODES              3431

COLLIDED FRAMES                 9138

NBR OF TRIES TO RESOLVE
  AVERAGE                       2.92
  STANDARD DEVIATION            1.37
  MAXIMUM                          6

NBR OF DEFERRALS                4024

DEFERRAL DELAY  (MS)
  AVERAGE                      19.30
  STANDARD DEVIATION           11.80
  MAXIMUM                      51.09

DEFERRAL QUEUE SIZE  (FRAMES)
  AVERAGE                       7.77
  STANDARD DEVIATION            3.29
  MAXIMUM                         35

MULTIPLE COLLISION EPISODES
  NBR EPISODES                  1520
  AVG PER EPISODE               3.50
  MAX PER EPISODE                  8



CACI COMNET III  Release 1.3 (Build 1220)  Tue Mar 23 13:18:23 2021   PAGE     3

                                     BSK_L1                                     
    Experiment scenario 11: IAT of "Message Source @ Computer group" = 0.08     

                 MESSAGE + RESPONSE SOURCES: MESSAGE DELIVERED                  

                     REPLICATION 1 FROM 0.0 TO 10.0 SECONDS                     

ORIGIN / MSG SRC NAME:  MESSAGES          MESSAGE DELAY (MILLISECONDS)
  DESTINATION LIST      ASSEMBLED      AVERAGE       STD DEV       MAXIMUM
______________________  _________   ____________  ____________  ____________

Computer group / src Message Source:
  Computer group             2666       3375.790      2008.483      7240.009
